Build started 23/02/2015 16:22:43.
     1>Project "C:\Users\matthew.smith\Dropbox\Programming\Small_Apps\C++\Wmi_Query_Detect_Drivers\Wmi_Query_Detect_Drivers\Wmi_Query_Detect_Drivers.vcxproj" on node 2 (build target(s)).
     1>InitializeBuildStatus:
         Creating "x64\Debug\Wmi_Query_Detect_Drivers.unsuccessfulbuild" because "AlwaysCreate" was specified.
       ClCompile:
         c:\Program Files (x86)\Microsoft Visual Studio 10.0\VC\bin\x86_amd64\CL.exe /c /Zi /nologo /W3 /WX- /Od /D WIN32 /D _DEBUG /D _CONSOLE /D _UNICODE /D UNICODE /Gm /EHsc /RTC1 /MDd /GS /fp:precise /Zc:wchar_t /Zc:forScope /Fo"x64\Debug\\" /Fd"x64\Debug\vc100.pdb" /Gd /TP /errorReport:prompt SystemDevices.cpp
         SystemDevices.cpp
       ManifestResourceCompile:
         All outputs are up-to-date.
       Link:
         c:\Program Files (x86)\Microsoft Visual Studio 10.0\VC\bin\x86_amd64\link.exe /ERRORREPORT:PROMPT /OUT:"C:\Users\matthew.smith\Dropbox\Programming\Small_Apps\C++\Wmi_Query_Detect_Drivers\x64\Debug\Wmi_Query_Detect_Drivers.exe" /INCREMENTAL /NOLOGO kernel32.lib user32.lib gdi32.lib winspool.lib comdlg32.lib advapi32.lib shell32.lib ole32.lib oleaut32.lib uuid.lib odbc32.lib odbccp32.lib /MANIFEST /ManifestFile:"x64\Debug\Wmi_Query_Detect_Drivers.exe.intermediate.manifest" /MANIFESTUAC:"level='asInvoker' uiAccess='false'" /DEBUG /PDB:"C:\Users\matthew.smith\Dropbox\Programming\Small_Apps\C++\Wmi_Query_Detect_Drivers\x64\Debug\Wmi_Query_Detect_Drivers.pdb" /SUBSYSTEM:CONSOLE /TLBID:1 /DYNAMICBASE /NXCOMPAT /IMPLIB:"C:\Users\matthew.smith\Dropbox\Programming\Small_Apps\C++\Wmi_Query_Detect_Drivers\x64\Debug\Wmi_Query_Detect_Drivers.lib" /MACHINE:X64 x64\Debug\Wmi_Query_Detect_Drivers.exe.embed.manifest.res
         x64\Debug\SystemDevices.obj
         x64\Debug\main.obj
         x64\Debug\WMIQuerySys.obj
         Wmi_Query_Detect_Drivers.vcxproj -> C:\Users\matthew.smith\Dropbox\Programming\Small_Apps\C++\Wmi_Query_Detect_Drivers\x64\Debug\Wmi_Query_Detect_Drivers.exe
       Manifest:
         C:\Program Files (x86)\Microsoft SDKs\Windows\v7.0A\bin\mt.exe /nologo /verbose /out:"x64\Debug\Wmi_Query_Detect_Drivers.exe.embed.manifest" /manifest x64\Debug\Wmi_Query_Detect_Drivers.exe.intermediate.manifest
         All outputs are up-to-date.
       LinkEmbedManifest:
         All outputs are up-to-date.
         Wmi_Query_Detect_Drivers.vcxproj -> C:\Users\matthew.smith\Dropbox\Programming\Small_Apps\C++\Wmi_Query_Detect_Drivers\x64\Debug\Wmi_Query_Detect_Drivers.exe
       FinalizeBuildStatus:
         Deleting file "x64\Debug\Wmi_Query_Detect_Drivers.unsuccessfulbuild".
         Touching "x64\Debug\Wmi_Query_Detect_Drivers.lastbuildstate".
     1>Done Building Project "C:\Users\matthew.smith\Dropbox\Programming\Small_Apps\C++\Wmi_Query_Detect_Drivers\Wmi_Query_Detect_Drivers\Wmi_Query_Detect_Drivers.vcxproj" (build target(s)).

Build succeeded.

Time Elapsed 00:00:02.11
